<?xml version="1.0" encoding="UTF-8"?>
<!-- Generated by org.testng.reporters.JUnitReportReporter -->
<testsuite hostname="Sumaias-MacBook-Air.local" failures="0" tests="1" name="testClasses.LoginUATest" time="3.131" errors="0" timestamp="2023-08-16T04:58:02 BST" skipped="0">
  <testcase classname="testClasses.LoginUATest" name="clickOnAccount" time="3.131"/>
  <system-out/>
</testsuite> <!-- testClasses.LoginUATest -->
